2024-12-11 11:54:59.437184: E external/local_xla/xla/stream_executor/cuda/cuda_fft.cc:477] Unable to register cuFFT factory: Attempting to register factory for plugin cuFFT when one has already been registered
WARNING: All log messages before absl::InitializeLog() is called are written to STDERR
E0000 00:00:1733914499.451125  909068 cuda_dnn.cc:8310] Unable to register cuDNN factory: Attempting to register factory for plugin cuDNN when one has already been registered
E0000 00:00:1733914499.455322  909068 cuda_blas.cc:1418] Unable to register cuBLAS factory: Attempting to register factory for plugin cuBLAS when one has already been registered
2024-12-11 11:54:59.470032: I tensorflow/core/platform/cpu_feature_guard.cc:210] This TensorFlow binary is optimized to use available CPU instructions in performance-critical operations.
To enable the following instructions: AVX2 FMA, in other operations, rebuild TensorFlow with the appropriate compiler flags.
I0000 00:00:1733914501.944342  909068 gpu_device.cc:2022] Created device /job:localhost/replica:0/task:0/device:GPU:0 with 4791 MB memory:  -> device: 0, name: NVIDIA GeForce GTX 1660 Ti, pci bus id: 0000:01:00.0, compute capability: 7.5
Model: "vgg16"
┏━━━━━━━━━━━━━━━━━━━━━━━━━━━━━━━━━┳━━━━━━━━━━━━━━━━━━━━━━━━┳━━━━━━━━━━━━━━━┓
┃ Layer (type)                    ┃ Output Shape           ┃       Param # ┃
┡━━━━━━━━━━━━━━━━━━━━━━━━━━━━━━━━━╇━━━━━━━━━━━━━━━━━━━━━━━━╇━━━━━━━━━━━━━━━┩
│ input_layer (InputLayer)        │ (None, 224, 224, 3)    │             0 │
├─────────────────────────────────┼────────────────────────┼───────────────┤
│ block1_conv1 (Conv2D)           │ (None, 224, 224, 64)   │         1,792 │
├─────────────────────────────────┼────────────────────────┼───────────────┤
│ block1_conv2 (Conv2D)           │ (None, 224, 224, 64)   │        36,928 │
├─────────────────────────────────┼────────────────────────┼───────────────┤
│ block1_pool (MaxPooling2D)      │ (None, 112, 112, 64)   │             0 │
├─────────────────────────────────┼────────────────────────┼───────────────┤
│ block2_conv1 (Conv2D)           │ (None, 112, 112, 128)  │        73,856 │
├─────────────────────────────────┼────────────────────────┼───────────────┤
│ block2_conv2 (Conv2D)           │ (None, 112, 112, 128)  │       147,584 │
├─────────────────────────────────┼────────────────────────┼───────────────┤
│ block2_pool (MaxPooling2D)      │ (None, 56, 56, 128)    │             0 │
├─────────────────────────────────┼────────────────────────┼───────────────┤
│ block3_conv1 (Conv2D)           │ (None, 56, 56, 256)    │       295,168 │
├─────────────────────────────────┼────────────────────────┼───────────────┤
│ block3_conv2 (Conv2D)           │ (None, 56, 56, 256)    │       590,080 │
├─────────────────────────────────┼────────────────────────┼───────────────┤
│ block3_conv3 (Conv2D)           │ (None, 56, 56, 256)    │       590,080 │
├─────────────────────────────────┼────────────────────────┼───────────────┤
│ block3_pool (MaxPooling2D)      │ (None, 28, 28, 256)    │             0 │
├─────────────────────────────────┼────────────────────────┼───────────────┤
│ block4_conv1 (Conv2D)           │ (None, 28, 28, 512)    │     1,180,160 │
├─────────────────────────────────┼────────────────────────┼───────────────┤
│ block4_conv2 (Conv2D)           │ (None, 28, 28, 512)    │     2,359,808 │
├─────────────────────────────────┼────────────────────────┼───────────────┤
│ block4_conv3 (Conv2D)           │ (None, 28, 28, 512)    │     2,359,808 │
├─────────────────────────────────┼────────────────────────┼───────────────┤
│ block4_pool (MaxPooling2D)      │ (None, 14, 14, 512)    │             0 │
├─────────────────────────────────┼────────────────────────┼───────────────┤
│ block5_conv1 (Conv2D)           │ (None, 14, 14, 512)    │     2,359,808 │
├─────────────────────────────────┼────────────────────────┼───────────────┤
│ block5_conv2 (Conv2D)           │ (None, 14, 14, 512)    │     2,359,808 │
├─────────────────────────────────┼────────────────────────┼───────────────┤
│ block5_conv3 (Conv2D)           │ (None, 14, 14, 512)    │     2,359,808 │
├─────────────────────────────────┼────────────────────────┼───────────────┤
│ block5_pool (MaxPooling2D)      │ (None, 7, 7, 512)      │             0 │
└─────────────────────────────────┴────────────────────────┴───────────────┘
 Total params: 14,714,688 (56.13 MB)
 Trainable params: 0 (0.00 B)
 Non-trainable params: 14,714,688 (56.13 MB)
Found 3140 files belonging to 2 classes.
Found 615 files belonging to 2 classes.
Found 767 files belonging to 2 classes.
WARNING: All log messages before absl::InitializeLog() is called are written to STDERR
I0000 00:00:1733914504.676631  909323 service.cc:148] XLA service 0x7fbaf4003110 initialized for platform CUDA (this does not guarantee that XLA will be used). Devices:
I0000 00:00:1733914504.676676  909323 service.cc:156]   StreamExecutor device (0): NVIDIA GeForce GTX 1660 Ti, Compute Capability 7.5
2024-12-11 11:55:04.683557: I tensorflow/compiler/mlir/tensorflow/utils/dump_mlir_util.cc:268] disabling MLIR crash reproducer, set env var `MLIR_CRASH_REPRODUCER_DIRECTORY` to enable.
I0000 00:00:1733914504.727191  909323 cuda_dnn.cc:529] Loaded cuDNN version 90300
2024-12-11 11:55:04.991049: I external/local_xla/xla/service/gpu/autotuning/conv_algorithm_picker.cc:557] Omitted potentially buggy algorithm eng14{k25=0} for conv (f32[20,64,224,224]{3,2,1,0}, u8[0]{0}) custom-call(f32[20,3,224,224]{3,2,1,0}, f32[64,3,3,3]{3,2,1,0}, f32[64]{0}), window={size=3x3 pad=1_1x1_1}, dim_labels=bf01_oi01->bf01, custom_call_target="__cudnn$convBiasActivationForward", backend_config={"cudnn_conv_backend_config":{"activation_mode":"kRelu","conv_result_scale":1,"leakyrelu_alpha":0,"side_input_scale":0},"force_earliest_schedule":false,"operation_queue_id":"0","wait_on_operation_queues":[]}
2024-12-11 11:55:05.139097: I external/local_xla/xla/service/gpu/autotuning/conv_algorithm_picker.cc:557] Omitted potentially buggy algorithm eng14{k25=0} for conv (f32[20,64,224,224]{3,2,1,0}, u8[0]{0}) custom-call(f32[20,64,224,224]{3,2,1,0}, f32[64,64,3,3]{3,2,1,0}, f32[64]{0}), window={size=3x3 pad=1_1x1_1}, dim_labels=bf01_oi01->bf01, custom_call_target="__cudnn$convBiasActivationForward", backend_config={"cudnn_conv_backend_config":{"activation_mode":"kRelu","conv_result_scale":1,"leakyrelu_alpha":0,"side_input_scale":0},"force_earliest_schedule":false,"operation_queue_id":"0","wait_on_operation_queues":[]}
2024-12-11 11:55:06.520939: I external/local_xla/xla/service/gpu/autotuning/conv_algorithm_picker.cc:557] Omitted potentially buggy algorithm eng14{k25=0} for conv (f32[20,128,112,112]{3,2,1,0}, u8[0]{0}) custom-call(f32[20,64,112,112]{3,2,1,0}, f32[128,64,3,3]{3,2,1,0}, f32[128]{0}), window={size=3x3 pad=1_1x1_1}, dim_labels=bf01_oi01->bf01, custom_call_target="__cudnn$convBiasActivationForward", backend_config={"cudnn_conv_backend_config":{"activation_mode":"kRelu","conv_result_scale":1,"leakyrelu_alpha":0,"side_input_scale":0},"force_earliest_schedule":false,"operation_queue_id":"0","wait_on_operation_queues":[]}
2024-12-11 11:55:07.088893: I external/local_xla/xla/service/gpu/autotuning/conv_algorithm_picker.cc:557] Omitted potentially buggy algorithm eng14{k25=0} for conv (f32[20,128,112,112]{3,2,1,0}, u8[0]{0}) custom-call(f32[20,128,112,112]{3,2,1,0}, f32[128,128,3,3]{3,2,1,0}, f32[128]{0}), window={size=3x3 pad=1_1x1_1}, dim_labels=bf01_oi01->bf01, custom_call_target="__cudnn$convBiasActivationForward", backend_config={"cudnn_conv_backend_config":{"activation_mode":"kRelu","conv_result_scale":1,"leakyrelu_alpha":0,"side_input_scale":0},"force_earliest_schedule":false,"operation_queue_id":"0","wait_on_operation_queues":[]}
2024-12-11 11:55:08.093285: I external/local_xla/xla/service/gpu/autotuning/conv_algorithm_picker.cc:557] Omitted potentially buggy algorithm eng14{k25=0} for conv (f32[20,256,56,56]{3,2,1,0}, u8[0]{0}) custom-call(f32[20,128,56,56]{3,2,1,0}, f32[256,128,3,3]{3,2,1,0}, f32[256]{0}), window={size=3x3 pad=1_1x1_1}, dim_labels=bf01_oi01->bf01, custom_call_target="__cudnn$convBiasActivationForward", backend_config={"cudnn_conv_backend_config":{"activation_mode":"kRelu","conv_result_scale":1,"leakyrelu_alpha":0,"side_input_scale":0},"force_earliest_schedule":false,"operation_queue_id":"0","wait_on_operation_queues":[]}
2024-12-11 11:55:08.538214: I external/local_xla/xla/service/gpu/autotuning/conv_algorithm_picker.cc:557] Omitted potentially buggy algorithm eng14{k25=0} for conv (f32[20,256,56,56]{3,2,1,0}, u8[0]{0}) custom-call(f32[20,256,56,56]{3,2,1,0}, f32[256,256,3,3]{3,2,1,0}, f32[256]{0}), window={size=3x3 pad=1_1x1_1}, dim_labels=bf01_oi01->bf01, custom_call_target="__cudnn$convBiasActivationForward", backend_config={"cudnn_conv_backend_config":{"activation_mode":"kRelu","conv_result_scale":1,"leakyrelu_alpha":0,"side_input_scale":0},"force_earliest_schedule":false,"operation_queue_id":"0","wait_on_operation_queues":[]}
2024-12-11 11:55:09.408764: I external/local_xla/xla/service/gpu/autotuning/conv_algorithm_picker.cc:557] Omitted potentially buggy algorithm eng14{k25=0} for conv (f32[20,512,28,28]{3,2,1,0}, u8[0]{0}) custom-call(f32[20,256,28,28]{3,2,1,0}, f32[512,256,3,3]{3,2,1,0}, f32[512]{0}), window={size=3x3 pad=1_1x1_1}, dim_labels=bf01_oi01->bf01, custom_call_target="__cudnn$convBiasActivationForward", backend_config={"cudnn_conv_backend_config":{"activation_mode":"kRelu","conv_result_scale":1,"leakyrelu_alpha":0,"side_input_scale":0},"force_earliest_schedule":false,"operation_queue_id":"0","wait_on_operation_queues":[]}
2024-12-11 11:55:09.794667: I external/local_xla/xla/service/gpu/autotuning/conv_algorithm_picker.cc:557] Omitted potentially buggy algorithm eng14{k25=0} for conv (f32[20,512,28,28]{3,2,1,0}, u8[0]{0}) custom-call(f32[20,512,28,28]{3,2,1,0}, f32[512,512,3,3]{3,2,1,0}, f32[512]{0}), window={size=3x3 pad=1_1x1_1}, dim_labels=bf01_oi01->bf01, custom_call_target="__cudnn$convBiasActivationForward", backend_config={"cudnn_conv_backend_config":{"activation_mode":"kRelu","conv_result_scale":1,"leakyrelu_alpha":0,"side_input_scale":0},"force_earliest_schedule":false,"operation_queue_id":"0","wait_on_operation_queues":[]}
2024-12-11 11:55:10.639253: I external/local_xla/xla/service/gpu/autotuning/conv_algorithm_picker.cc:557] Omitted potentially buggy algorithm eng14{k25=0} for conv (f32[20,512,14,14]{3,2,1,0}, u8[0]{0}) custom-call(f32[20,512,14,14]{3,2,1,0}, f32[512,512,3,3]{3,2,1,0}, f32[512]{0}), window={size=3x3 pad=1_1x1_1}, dim_labels=bf01_oi01->bf01, custom_call_target="__cudnn$convBiasActivationForward", backend_config={"cudnn_conv_backend_config":{"activation_mode":"kRelu","conv_result_scale":1,"leakyrelu_alpha":0,"side_input_scale":0},"force_earliest_schedule":false,"operation_queue_id":"0","wait_on_operation_queues":[]}
I0000 00:00:1733914511.111746  909323 device_compiler.h:188] Compiled cluster using XLA!  This line is logged at most once for the lifetime of the process.
2024-12-11 11:55:37.286018: I tensorflow/core/framework/local_rendezvous.cc:405] Local rendezvous is aborting with status: OUT_OF_RANGE: End of sequence
2024-12-11 11:55:42.719709: I external/local_xla/xla/service/gpu/autotuning/conv_algorithm_picker.cc:557] Omitted potentially buggy algorithm eng14{k25=0} for conv (f32[15,64,224,224]{3,2,1,0}, u8[0]{0}) custom-call(f32[15,3,224,224]{3,2,1,0}, f32[64,3,3,3]{3,2,1,0}, f32[64]{0}), window={size=3x3 pad=1_1x1_1}, dim_labels=bf01_oi01->bf01, custom_call_target="__cudnn$convBiasActivationForward", backend_config={"cudnn_conv_backend_config":{"activation_mode":"kRelu","conv_result_scale":1,"leakyrelu_alpha":0,"side_input_scale":0},"force_earliest_schedule":false,"operation_queue_id":"0","wait_on_operation_queues":[]}
2024-12-11 11:55:42.786870: I external/local_xla/xla/service/gpu/autotuning/conv_algorithm_picker.cc:557] Omitted potentially buggy algorithm eng14{k25=0} for conv (f32[15,64,224,224]{3,2,1,0}, u8[0]{0}) custom-call(f32[15,64,224,224]{3,2,1,0}, f32[64,64,3,3]{3,2,1,0}, f32[64]{0}), window={size=3x3 pad=1_1x1_1}, dim_labels=bf01_oi01->bf01, custom_call_target="__cudnn$convBiasActivationForward", backend_config={"cudnn_conv_backend_config":{"activation_mode":"kRelu","conv_result_scale":1,"leakyrelu_alpha":0,"side_input_scale":0},"force_earliest_schedule":false,"operation_queue_id":"0","wait_on_operation_queues":[]}
2024-12-11 11:55:43.788102: I external/local_xla/xla/service/gpu/autotuning/conv_algorithm_picker.cc:557] Omitted potentially buggy algorithm eng14{k25=0} for conv (f32[15,128,112,112]{3,2,1,0}, u8[0]{0}) custom-call(f32[15,64,112,112]{3,2,1,0}, f32[128,64,3,3]{3,2,1,0}, f32[128]{0}), window={size=3x3 pad=1_1x1_1}, dim_labels=bf01_oi01->bf01, custom_call_target="__cudnn$convBiasActivationForward", backend_config={"cudnn_conv_backend_config":{"activation_mode":"kRelu","conv_result_scale":1,"leakyrelu_alpha":0,"side_input_scale":0},"force_earliest_schedule":false,"operation_queue_id":"0","wait_on_operation_queues":[]}
2024-12-11 11:55:44.398459: I external/local_xla/xla/service/gpu/autotuning/conv_algorithm_picker.cc:557] Omitted potentially buggy algorithm eng14{k25=0} for conv (f32[15,128,112,112]{3,2,1,0}, u8[0]{0}) custom-call(f32[15,128,112,112]{3,2,1,0}, f32[128,128,3,3]{3,2,1,0}, f32[128]{0}), window={size=3x3 pad=1_1x1_1}, dim_labels=bf01_oi01->bf01, custom_call_target="__cudnn$convBiasActivationForward", backend_config={"cudnn_conv_backend_config":{"activation_mode":"kRelu","conv_result_scale":1,"leakyrelu_alpha":0,"side_input_scale":0},"force_earliest_schedule":false,"operation_queue_id":"0","wait_on_operation_queues":[]}
2024-12-11 11:55:45.208419: I external/local_xla/xla/service/gpu/autotuning/conv_algorithm_picker.cc:557] Omitted potentially buggy algorithm eng14{k25=0} for conv (f32[15,256,56,56]{3,2,1,0}, u8[0]{0}) custom-call(f32[15,128,56,56]{3,2,1,0}, f32[256,128,3,3]{3,2,1,0}, f32[256]{0}), window={size=3x3 pad=1_1x1_1}, dim_labels=bf01_oi01->bf01, custom_call_target="__cudnn$convBiasActivationForward", backend_config={"cudnn_conv_backend_config":{"activation_mode":"kRelu","conv_result_scale":1,"leakyrelu_alpha":0,"side_input_scale":0},"force_earliest_schedule":false,"operation_queue_id":"0","wait_on_operation_queues":[]}
2024-12-11 11:55:45.579383: I external/local_xla/xla/service/gpu/autotuning/conv_algorithm_picker.cc:557] Omitted potentially buggy algorithm eng14{k25=0} for conv (f32[15,256,56,56]{3,2,1,0}, u8[0]{0}) custom-call(f32[15,256,56,56]{3,2,1,0}, f32[256,256,3,3]{3,2,1,0}, f32[256]{0}), window={size=3x3 pad=1_1x1_1}, dim_labels=bf01_oi01->bf01, custom_call_target="__cudnn$convBiasActivationForward", backend_config={"cudnn_conv_backend_config":{"activation_mode":"kRelu","conv_result_scale":1,"leakyrelu_alpha":0,"side_input_scale":0},"force_earliest_schedule":false,"operation_queue_id":"0","wait_on_operation_queues":[]}
2024-12-11 11:55:46.179311: I external/local_xla/xla/service/gpu/autotuning/conv_algorithm_picker.cc:557] Omitted potentially buggy algorithm eng14{k25=0} for conv (f32[15,512,28,28]{3,2,1,0}, u8[0]{0}) custom-call(f32[15,256,28,28]{3,2,1,0}, f32[512,256,3,3]{3,2,1,0}, f32[512]{0}), window={size=3x3 pad=1_1x1_1}, dim_labels=bf01_oi01->bf01, custom_call_target="__cudnn$convBiasActivationForward", backend_config={"cudnn_conv_backend_config":{"activation_mode":"kRelu","conv_result_scale":1,"leakyrelu_alpha":0,"side_input_scale":0},"force_earliest_schedule":false,"operation_queue_id":"0","wait_on_operation_queues":[]}
2024-12-11 11:55:46.536559: I external/local_xla/xla/service/gpu/autotuning/conv_algorithm_picker.cc:557] Omitted potentially buggy algorithm eng14{k25=0} for conv (f32[15,512,28,28]{3,2,1,0}, u8[0]{0}) custom-call(f32[15,512,28,28]{3,2,1,0}, f32[512,512,3,3]{3,2,1,0}, f32[512]{0}), window={size=3x3 pad=1_1x1_1}, dim_labels=bf01_oi01->bf01, custom_call_target="__cudnn$convBiasActivationForward", backend_config={"cudnn_conv_backend_config":{"activation_mode":"kRelu","conv_result_scale":1,"leakyrelu_alpha":0,"side_input_scale":0},"force_earliest_schedule":false,"operation_queue_id":"0","wait_on_operation_queues":[]}
2024-12-11 11:55:47.240941: I external/local_xla/xla/service/gpu/autotuning/conv_algorithm_picker.cc:557] Omitted potentially buggy algorithm eng14{k25=0} for conv (f32[15,512,14,14]{3,2,1,0}, u8[0]{0}) custom-call(f32[15,512,14,14]{3,2,1,0}, f32[512,512,3,3]{3,2,1,0}, f32[512]{0}), window={size=3x3 pad=1_1x1_1}, dim_labels=bf01_oi01->bf01, custom_call_target="__cudnn$convBiasActivationForward", backend_config={"cudnn_conv_backend_config":{"activation_mode":"kRelu","conv_result_scale":1,"leakyrelu_alpha":0,"side_input_scale":0},"force_earliest_schedule":false,"operation_queue_id":"0","wait_on_operation_queues":[]}
2024-12-11 11:55:47.693406: I tensorflow/core/framework/local_rendezvous.cc:405] Local rendezvous is aborting with status: OUT_OF_RANGE: End of sequence
2024-12-11 11:55:54.239827: I external/local_xla/xla/service/gpu/autotuning/conv_algorithm_picker.cc:557] Omitted potentially buggy algorithm eng14{k25=0} for conv (f32[7,64,224,224]{3,2,1,0}, u8[0]{0}) custom-call(f32[7,3,224,224]{3,2,1,0}, f32[64,3,3,3]{3,2,1,0}, f32[64]{0}), window={size=3x3 pad=1_1x1_1}, dim_labels=bf01_oi01->bf01, custom_call_target="__cudnn$convBiasActivationForward", backend_config={"cudnn_conv_backend_config":{"activation_mode":"kRelu","conv_result_scale":1,"leakyrelu_alpha":0,"side_input_scale":0},"force_earliest_schedule":false,"operation_queue_id":"0","wait_on_operation_queues":[]}
2024-12-11 11:55:54.321619: I external/local_xla/xla/service/gpu/autotuning/conv_algorithm_picker.cc:557] Omitted potentially buggy algorithm eng14{k25=0} for conv (f32[7,64,224,224]{3,2,1,0}, u8[0]{0}) custom-call(f32[7,64,224,224]{3,2,1,0}, f32[64,64,3,3]{3,2,1,0}, f32[64]{0}), window={size=3x3 pad=1_1x1_1}, dim_labels=bf01_oi01->bf01, custom_call_target="__cudnn$convBiasActivationForward", backend_config={"cudnn_conv_backend_config":{"activation_mode":"kRelu","conv_result_scale":1,"leakyrelu_alpha":0,"side_input_scale":0},"force_earliest_schedule":false,"operation_queue_id":"0","wait_on_operation_queues":[]}
2024-12-11 11:55:54.867057: I external/local_xla/xla/service/gpu/autotuning/conv_algorithm_picker.cc:557] Omitted potentially buggy algorithm eng14{k25=0} for conv (f32[7,128,112,112]{3,2,1,0}, u8[0]{0}) custom-call(f32[7,64,112,112]{3,2,1,0}, f32[128,64,3,3]{3,2,1,0}, f32[128]{0}), window={size=3x3 pad=1_1x1_1}, dim_labels=bf01_oi01->bf01, custom_call_target="__cudnn$convBiasActivationForward", backend_config={"cudnn_conv_backend_config":{"activation_mode":"kRelu","conv_result_scale":1,"leakyrelu_alpha":0,"side_input_scale":0},"force_earliest_schedule":false,"operation_queue_id":"0","wait_on_operation_queues":[]}
2024-12-11 11:55:55.128755: I external/local_xla/xla/service/gpu/autotuning/conv_algorithm_picker.cc:557] Omitted potentially buggy algorithm eng14{k25=0} for conv (f32[7,128,112,112]{3,2,1,0}, u8[0]{0}) custom-call(f32[7,128,112,112]{3,2,1,0}, f32[128,128,3,3]{3,2,1,0}, f32[128]{0}), window={size=3x3 pad=1_1x1_1}, dim_labels=bf01_oi01->bf01, custom_call_target="__cudnn$convBiasActivationForward", backend_config={"cudnn_conv_backend_config":{"activation_mode":"kRelu","conv_result_scale":1,"leakyrelu_alpha":0,"side_input_scale":0},"force_earliest_schedule":false,"operation_queue_id":"0","wait_on_operation_queues":[]}
2024-12-11 11:55:55.573857: I external/local_xla/xla/service/gpu/autotuning/conv_algorithm_picker.cc:557] Omitted potentially buggy algorithm eng14{k25=0} for conv (f32[7,256,56,56]{3,2,1,0}, u8[0]{0}) custom-call(f32[7,128,56,56]{3,2,1,0}, f32[256,128,3,3]{3,2,1,0}, f32[256]{0}), window={size=3x3 pad=1_1x1_1}, dim_labels=bf01_oi01->bf01, custom_call_target="__cudnn$convBiasActivationForward", backend_config={"cudnn_conv_backend_config":{"activation_mode":"kRelu","conv_result_scale":1,"leakyrelu_alpha":0,"side_input_scale":0},"force_earliest_schedule":false,"operation_queue_id":"0","wait_on_operation_queues":[]}
2024-12-11 11:55:55.803122: I external/local_xla/xla/service/gpu/autotuning/conv_algorithm_picker.cc:557] Omitted potentially buggy algorithm eng14{k25=0} for conv (f32[7,256,56,56]{3,2,1,0}, u8[0]{0}) custom-call(f32[7,256,56,56]{3,2,1,0}, f32[256,256,3,3]{3,2,1,0}, f32[256]{0}), window={size=3x3 pad=1_1x1_1}, dim_labels=bf01_oi01->bf01, custom_call_target="__cudnn$convBiasActivationForward", backend_config={"cudnn_conv_backend_config":{"activation_mode":"kRelu","conv_result_scale":1,"leakyrelu_alpha":0,"side_input_scale":0},"force_earliest_schedule":false,"operation_queue_id":"0","wait_on_operation_queues":[]}
2024-12-11 11:55:56.144665: I external/local_xla/xla/service/gpu/autotuning/conv_algorithm_picker.cc:557] Omitted potentially buggy algorithm eng14{k25=0} for conv (f32[7,512,28,28]{3,2,1,0}, u8[0]{0}) custom-call(f32[7,256,28,28]{3,2,1,0}, f32[512,256,3,3]{3,2,1,0}, f32[512]{0}), window={size=3x3 pad=1_1x1_1}, dim_labels=bf01_oi01->bf01, custom_call_target="__cudnn$convBiasActivationForward", backend_config={"cudnn_conv_backend_config":{"activation_mode":"kRelu","conv_result_scale":1,"leakyrelu_alpha":0,"side_input_scale":0},"force_earliest_schedule":false,"operation_queue_id":"0","wait_on_operation_queues":[]}
2024-12-11 11:55:56.360208: I external/local_xla/xla/service/gpu/autotuning/conv_algorithm_picker.cc:557] Omitted potentially buggy algorithm eng14{k25=0} for conv (f32[7,512,28,28]{3,2,1,0}, u8[0]{0}) custom-call(f32[7,512,28,28]{3,2,1,0}, f32[512,512,3,3]{3,2,1,0}, f32[512]{0}), window={size=3x3 pad=1_1x1_1}, dim_labels=bf01_oi01->bf01, custom_call_target="__cudnn$convBiasActivationForward", backend_config={"cudnn_conv_backend_config":{"activation_mode":"kRelu","conv_result_scale":1,"leakyrelu_alpha":0,"side_input_scale":0},"force_earliest_schedule":false,"operation_queue_id":"0","wait_on_operation_queues":[]}
2024-12-11 11:55:56.734980: I external/local_xla/xla/service/gpu/autotuning/conv_algorithm_picker.cc:557] Omitted potentially buggy algorithm eng14{k25=0} for conv (f32[7,512,14,14]{3,2,1,0}, u8[0]{0}) custom-call(f32[7,512,14,14]{3,2,1,0}, f32[512,512,3,3]{3,2,1,0}, f32[512]{0}), window={size=3x3 pad=1_1x1_1}, dim_labels=bf01_oi01->bf01, custom_call_target="__cudnn$convBiasActivationForward", backend_config={"cudnn_conv_backend_config":{"activation_mode":"kRelu","conv_result_scale":1,"leakyrelu_alpha":0,"side_input_scale":0},"force_earliest_schedule":false,"operation_queue_id":"0","wait_on_operation_queues":[]}
Fitting 5 folds for each of 1000 candidates, totalling 5000 fits
/home/dtbird/Documentos/OsteoAI/venv/lib/python3.10/site-packages/numpy/ma/core.py:2846: RuntimeWarning: invalid value encountered in cast
  _data = np.array(data, dtype=dtype, copy=copy,

Best estimator found by random search:
RandomForestClassifier(max_depth=70, min_samples_split=102, n_estimators=1500)
